<?xml version="1.0" encoding="utf-8"?><testsuites><testsuite name="pytest" errors="0" failures="0" skipped="0" tests="206" time="62.558" timestamp="2026-07-14T15:05:29.329308+08:00" hostname="AC0128"><testcase classname="tests.test_agent4_review" name="test_dedupe_risks_by_id" time="0.005" /><testcase classname="tests.test_agent4_review" name="test_needs_gap_fill_conservative_disabled" time="0.001" /><testcase classname="tests.test_agent4_review" name="test_needs_gap_fill_balanced_when_few_risks" time="0.001" /><testcase classname="tests.test_agent5_diagrams" name="test_normalize_diagrams_from_fixture" time="0.002" /><testcase classname="tests.test_agent5_diagrams" name="test_merge_diagram_seeds_fills_missing_types" time="0.002" /><testcase classname="tests.test_agent5_diagrams" name="test_build_global_compare_seed_from_modules" time="0.001" /><testcase classname="tests.test_agent5_diagrams" name="test_collect_path_compare_missing_groups_note" time="0.001" /><testcase classname="tests.test_agent5_diagrams" name="test_collect_global_compare_missing_groups_note" time="0.001" /><testcase classname="tests.test_agent5_diagrams" name="test_visualization_structural_notes_from_invalid_edges" time="0.001" /><testcase classname="tests.test_agents" name="test_agent_pipeline_schema" time="0.007" /><testcase classname="tests.test_client_meta_api" name="test_client_meta_api" time="0.033" /><testcase classname="tests.test_client_meta_banner" name="test_cloud_unavailable_banner_empty_when_mock_llm" time="0.001" /><testcase classname="tests.test_client_meta_banner" name="test_cloud_unavailable_banner_when_no_cloud_key" time="0.001" /><testcase classname="tests.test_client_meta_banner" name="test_public_deploy_onboarding_banner" time="0.001" /><testcase classname="tests.test_compress_context" name="test_should_compress_file_skips_changed_and_entry" time="0.001" /><testcase classname="tests.test_compress_context" name="test_compress_file_map_off_when_not_hybrid" time="0.001" /><testcase classname="tests.test_compress_context" name="test_compress_file_map_hybrid_without_ollama_fallback" time="0.003" /><testcase classname="tests.test_context_builder" name="test_version_context_split" time="0.001" /><testcase classname="tests.test_context_builder" name="test_load_extra_context_empty" time="0.001" /><testcase classname="tests.test_demo_alignment" name="test_demo_patch_meets_volume_thresholds[S1-security]" time="0.007" /><testcase classname="tests.test_demo_alignment" name="test_demo_patch_meets_volume_thresholds[S2-change-surface]" time="0.009" /><testcase classname="tests.test_demo_alignment" name="test_demo_patch_meets_volume_thresholds[S3-governance]" time="0.008" /><testcase classname="tests.test_demo_alignment" name="test_demo_sidecar_paths_align_with_patch[S1-security]" time="0.008" /><testcase classname="tests.test_demo_alignment" name="test_demo_sidecar_paths_align_with_patch[S2-change-surface]" time="0.010" /><testcase classname="tests.test_demo_alignment" name="test_demo_sidecar_paths_align_with_patch[S3-governance]" time="0.010" /><testcase classname="tests.test_demo_alignment" name="test_demo_sidecar_has_summary_and_readme[S1-security]" time="0.006" /><testcase classname="tests.test_demo_alignment" name="test_demo_sidecar_has_summary_and_readme[S2-change-surface]" time="0.007" /><testcase classname="tests.test_demo_alignment" name="test_demo_sidecar_has_summary_and_readme[S3-governance]" time="0.006" /><testcase classname="tests.test_demo_alignment" name="test_demo_rules_exact_match[S1-security-expected_rules0]" time="0.271" /><testcase classname="tests.test_demo_alignment" name="test_demo_rules_exact_match[S2-change-surface-expected_rules1]" time="0.139" /><testcase classname="tests.test_demo_alignment" name="test_demo_rules_exact_match[S3-governance-expected_rules2]" time="0.091" /><testcase classname="tests.test_demo_alignment" name="test_merge_overlay_injects_summary_into_context" time="0.003" /><testcase classname="tests.test_demo_alignment" name="test_demo_patch_has_no_placeholder_lines[S1-security]" time="0.010" /><testcase classname="tests.test_demo_alignment" name="test_demo_patch_has_no_placeholder_lines[S2-change-surface]" time="0.007" /><testcase classname="tests.test_demo_alignment" name="test_demo_patch_has_no_placeholder_lines[S3-governance]" time="0.009" /><testcase classname="tests.test_demo_alignment" name="test_demo_patch_added_lines_look_like_real_code[S1-security]" time="0.009" /><testcase classname="tests.test_demo_alignment" name="test_demo_patch_added_lines_look_like_real_code[S2-change-surface]" time="0.010" /><testcase classname="tests.test_demo_alignment" name="test_demo_patch_added_lines_look_like_real_code[S3-governance]" time="0.009" /><testcase classname="tests.test_demo_patches" name="test_demo_patches_api" time="0.014" /><testcase classname="tests.test_demo_patches" name="test_demo_patches_meta_matches_api" time="0.020" /><testcase classname="tests.test_demo_patches" name="test_demo_scenario_triggers_expected_rules[S1-security-expected_rules0]" time="0.161" /><testcase classname="tests.test_demo_patches" name="test_demo_scenario_triggers_expected_rules[S2-change-surface-expected_rules1]" time="0.111" /><testcase classname="tests.test_demo_patches" name="test_demo_scenario_triggers_expected_rules[S3-governance-expected_rules2]" time="0.075" /><testcase classname="tests.test_demo_patches" name="test_s3_governance_end_to_end_review" time="0.076" /><testcase classname="tests.test_detail_page_meta_api" name="test_detail_page_meta_api" time="0.006" /><testcase classname="tests.test_diagram_meta" name="test_list_diagram_meta_has_all_types" time="0.001" /><testcase classname="tests.test_diagram_meta" name="test_build_agent5_instruction_includes_type_ids" time="0.001" /><testcase classname="tests.test_diagram_meta" name="test_resolve_diagram_title_prefers_llm_title" time="0.001" /><testcase classname="tests.test_diagram_meta" name="test_resolve_diagram_title_fallback_to_meta" time="0.001" /><testcase classname="tests.test_diagram_meta_api" name="test_diagram_meta_api_contract" time="0.005" /><testcase classname="tests.test_diagram_no_hardcode" name="test_mermaid_render_has_no_inline_hex_or_chinese_fallback" time="0.002" /><testcase classname="tests.test_export" name="test_export_markdown_contains_sections" time="0.001" /><testcase classname="tests.test_export_meta" name="test_format_export_filename_uses_template" time="0.001" /><testcase classname="tests.test_export_meta" name="test_revoke_delay_is_positive" time="0.001" /><testcase classname="tests.test_export_route" name="test_export_md_attachment_when_result_ready" time="0.006" /><testcase classname="tests.test_export_route" name="test_export_md_409_when_no_result" time="0.005" /><testcase classname="tests.test_export_token" name="test_export_includes_token_segments" time="0.001" /><testcase classname="tests.test_frontend_no_hardcode" name="test_input_page_has_no_cost_label_map" time="0.003" /><testcase classname="tests.test_frontend_no_hardcode" name="test_frontend_has_no_diagram_title_map" time="0.006" /><testcase classname="tests.test_frontend_no_hardcode" name="test_agent_progress_bar_has_no_hardcoded_step_names" time="0.002" /><testcase classname="tests.test_frontend_no_hardcode" name="test_mermaid_diagram_has_no_inline_error_strings" time="0.002" /><testcase classname="tests.test_git_workspace" name="test_github_repo_url_with_token" time="0.001" /><testcase classname="tests.test_git_workspace" name="test_redact_git_secrets" time="0.001" /><testcase classname="tests.test_git_workspace" name="test_git_show_file" time="1.883" /><testcase classname="tests.test_github" name="test_parse_pr_url" time="0.002" /><testcase classname="tests.test_github" name="test_invalid_pr_url" time="0.003" /><testcase classname="tests.test_github" name="test_is_valid" time="0.001" /><testcase classname="tests.test_github" name="test_headers_public_deploy_ignores_server_token" time="0.002" /><testcase classname="tests.test_github" name="test_headers_with_explicit_task_token" time="0.001" /><testcase classname="tests.test_github" name="test_headers_fallback_to_server_token" time="0.002" /><testcase classname="tests.test_github" name="test_fetch_pr_files_paginates" time="0.010" /><testcase classname="tests.test_github" name="test_fetch_pr_files_truncates_at_max" time="0.008" /><testcase classname="tests.test_input_page_meta_api" name="test_input_page_meta_api" time="0.006" /><testcase classname="tests.test_llm_mode" name="test_normalize_llm_mode_fallback" time="0.001" /><testcase classname="tests.test_llm_mode" name="test_list_llm_mode_options_structure" time="0.001" /><testcase classname="tests.test_llm_mode" name="test_hybrid_available_when_compress_off_without_local" time="0.001" /><testcase classname="tests.test_llm_mode" name="test_validate_task_llm_config_uses_hint_constants" time="0.001" /><testcase classname="tests.test_llm_mode" name="test_validate_rules_only_skips_cloud" time="0.001" /><testcase classname="tests.test_llm_mode" name="test_validate_local_only_requires_model_and_local" time="0.001" /><testcase classname="tests.test_llm_mode" name="test_validate_hybrid_compress_off_skips_local" time="0.001" /><testcase classname="tests.test_llm_mode" name="test_llm_mode_options_api_contract" time="7.355" /><testcase classname="tests.test_llm_router" name="test_cloud_only_uses_cloud_provider" time="0.001" /><testcase classname="tests.test_llm_router" name="test_local_only_uses_local_provider" time="0.001" /><testcase classname="tests.test_mermaid_render" name="test_render_diagram_sanitizes_node_ids_and_edge_labels" time="0.001" /><testcase classname="tests.test_mermaid_render" name="test_render_path_compare_uses_safe_subgraph_ids" time="0.001" /><testcase classname="tests.test_mermaid_render" name="test_render_escapes_mermaid_reserved_node_id_graph" time="0.001" /><testcase classname="tests.test_mermaid_render" name="test_render_escapes_reserved_end_and_class" time="0.001" /><testcase classname="tests.test_mermaid_render" name="test_render_impact_overlay_uses_changed_subgraph" time="0.001" /><testcase classname="tests.test_mermaid_render" name="test_render_path_compare_appends_confidence_suffix" time="0.001" /><testcase classname="tests.test_mermaid_render" name="test_render_global_compare_uses_meta_subgraph_titles" time="0.001" /><testcase classname="tests.test_mermaid_render" name="test_render_architecture_uses_module_default_and_confidence" time="0.001" /><testcase classname="tests.test_no_heuristics" name="test_agents_dir_has_no_business_heuristics" time="0.003" /><testcase classname="tests.test_openai_compat_usage" name="test_openai_compat_records_usage" time="0.001" /><testcase classname="tests.test_parallel_scan_progress" name="test_parallel_scan_both_agents_running_observable[0.15]" time="0.159" /><testcase classname="tests.test_patch_parse" name="test_parse_patch_text" time="0.001" /><testcase classname="tests.test_patch_parse" name="test_parse_patch_text_counts_multi_line" time="0.006" /><testcase classname="tests.test_quality_kpi" name="test_compute_metrics_from_fixture_result_shape" time="0.001" /><testcase classname="tests.test_quality_kpi" name="test_evaluate_passes_with_default_thresholds" time="0.001" /><testcase classname="tests.test_quality_kpi" name="test_evaluate_fails_when_degradation_exceeds_max" time="0.001" /><testcase classname="tests.test_quality_kpi" name="test_evaluate_fails_when_risks_empty_without_explanation" time="0.001" /><testcase classname="tests.test_quality_kpi" name="test_evidence_coverage_threshold" time="0.001" /><testcase classname="tests.test_quality_kpi" name="test_evaluate_diagram_node_and_path_compare_thresholds" time="0.001" /><testcase classname="tests.test_quality_kpi" name="test_jaccard_threshold" time="0.001" /><testcase classname="tests.test_result_repair" name="test_repair_atom_plan_batch_converts_new_concerns_to_list" time="0.001" /><testcase classname="tests.test_result_repair" name="test_repair_risk_review_fills_required_fields_without_hardcode" time="0.001" /><testcase classname="tests.test_result_repair" name="test_repair_visualization_maps_from_to_and_numeric_confidence" time="0.001" /><testcase classname="tests.test_review_depth" name="test_normalize_review_depth_mode" time="0.001" /><testcase classname="tests.test_review_depth" name="test_profiles_differ_by_batch_limits" time="0.001" /><testcase classname="tests.test_review_depth" name="test_list_options_from_single_source" time="0.001" /><testcase classname="tests.test_review_depth" name="test_review_depth_options_api_contract" time="0.004" /><testcase classname="tests.test_rule_ast" name="test_python_bare_except_ast_rule" time="0.040" /><testcase classname="tests.test_rule_ast" name="test_python_wildcard_import_ast_rule" time="0.040" /><testcase classname="tests.test_rule_ast" name="test_ast_rule_no_false_positive_on_typed_except" time="0.037" /><testcase classname="tests.test_rules_agent_outcomes" name="test_rules_node1_exception_sets_degraded_outcome" time="0.001" /><testcase classname="tests.test_rules_agent_outcomes" name="test_rules_node3_empty_diff_sets_failed_outcome" time="0.002" /><testcase classname="tests.test_rules_agent_outcomes" name="test_rules_node3_success_sets_ok_outcome" time="0.001" /><testcase classname="tests.test_rules_diagrams" name="test_demo_scenarios_produce_four_diagrams[S1-security]" time="0.134" /><testcase classname="tests.test_rules_diagrams" name="test_demo_scenarios_produce_four_diagrams[S2-change-surface]" time="0.093" /><testcase classname="tests.test_rules_diagrams" name="test_demo_scenarios_produce_four_diagrams[S3-governance]" time="0.066" /><testcase classname="tests.test_rules_diagrams" name="test_s1_impact_marks_risk_on_changed_nodes" time="0.124" /><testcase classname="tests.test_rules_diagrams" name="test_s2_path_compare_has_before_after_groups" time="0.087" /><testcase classname="tests.test_rules_diagrams" name="test_demo_global_compare_from_architecture_seed[S1-security]" time="0.127" /><testcase classname="tests.test_rules_diagrams" name="test_demo_global_compare_from_architecture_seed[S2-change-surface]" time="0.103" /><testcase classname="tests.test_rules_diagrams" name="test_demo_global_compare_from_architecture_seed[S3-governance]" time="0.061" /><testcase classname="tests.test_rules_engine" name="test_load_default_rule_pack" time="0.037" /><testcase classname="tests.test_rules_engine" name="test_default_pack_dir_inside_app_package" time="0.001" /><testcase classname="tests.test_rules_engine" name="test_rules_diff_from_patch" time="0.001" /><testcase classname="tests.test_rules_engine" name="test_rules_review_detects_secret_in_patch" time="0.041" /><testcase classname="tests.test_rules_engine" name="test_locate_added_evidence_lines_across_hunks" time="0.001" /><testcase classname="tests.test_rules_hunk_diff" name="test_single_hunk_still_one_atom" time="0.001" /><testcase classname="tests.test_rules_hunk_diff" name="test_multi_hunk_splits_into_atoms" time="0.001" /><testcase classname="tests.test_rules_hunk_diff" name="test_hunk_atom_scoped_regex_hit" time="0.046" /><testcase classname="tests.test_rules_hunk_diff" name="test_split_can_be_disabled" time="0.001" /><testcase classname="tests.test_rules_linkage" name="test_health_includes_rules_diagnostics" time="2.503" /><testcase classname="tests.test_rules_linkage" name="test_create_task_includes_visualization_mode" time="0.109" /><testcase classname="tests.test_rules_lint" name="test_load_rule_pack_with_lint_returns_clean_pack" time="0.036" /><testcase classname="tests.test_rules_lint" name="test_lint_catches_invalid_regex" time="0.002" /><testcase classname="tests.test_rules_meta_api" name="test_rules_meta_api" time="0.006" /><testcase classname="tests.test_rules_meta_api" name="test_rules_catalog_api" time="0.045" /><testcase classname="tests.test_rules_no_inline_patterns" name="test_rules_python_modules_have_no_regex_literals" time="0.007" /><testcase classname="tests.test_rules_preflight" name="test_format_rule_hits_for_prompt" time="0.001" /><testcase classname="tests.test_rules_preflight" name="test_run_rules_preflight_detects_secret" time="0.043" /><testcase classname="tests.test_rules_regression" name="test_default_pack_lint_clean" time="0.034" /><testcase classname="tests.test_rules_regression" name="test_rule_positive_hit[ctx0-patch-hardcoded-secret]" time="0.036" /><testcase classname="tests.test_rules_regression" name="test_rule_positive_hit[ctx1-env-file-committed]" time="0.034" /><testcase classname="tests.test_rules_regression" name="test_rule_positive_hit[ctx2-sql-string-concat]" time="0.041" /><testcase classname="tests.test_rules_regression" name="test_rule_positive_hit[ctx3-eval-or-exec]" time="0.046" /><testcase classname="tests.test_rules_regression" name="test_rule_positive_hit[ctx4-dangerous-html-react]" time="0.033" /><testcase classname="tests.test_rules_regression" name="test_rule_positive_hit[ctx5-route-decorator-changed]" time="0.039" /><testcase classname="tests.test_rules_regression" name="test_rule_positive_hit[ctx6-auth-middleware-touched]" time="0.041" /><testcase classname="tests.test_rules_regression" name="test_rule_positive_hit[ctx7-ci-config-changed]" time="0.034" /><testcase classname="tests.test_rules_regression" name="test_rule_positive_hit[ctx8-dockerfile-changed]" time="0.036" /><testcase classname="tests.test_rules_regression" name="test_rule_positive_hit[ctx9-lockfile-changed]" time="0.043" /><testcase classname="tests.test_rules_regression" name="test_rule_positive_hit[ctx10-requirements-unpinned]" time="0.076" /><testcase classname="tests.test_rules_regression" name="test_rule_negative_no_hit[ctx0-patch-hardcoded-secret]" time="0.044" /><testcase classname="tests.test_rules_regression" name="test_rule_negative_no_hit[ctx1-requirements-unpinned]" time="0.037" /><testcase classname="tests.test_rules_regression" name="test_rule_negative_no_hit[ctx2-auth-middleware-touched]" time="0.048" /><testcase classname="tests.test_rules_regression" name="test_route_decorator_not_fired_on_unrelated_large_patch" time="0.040" /><testcase classname="tests.test_rules_regression" name="test_large_patch_hunk_threshold" time="0.055" /><testcase classname="tests.test_rules_regression" name="test_large_patch_hunk_below_threshold_no_hit" time="0.043" /><testcase classname="tests.test_rules_regression" name="test_test_file_removed_threshold" time="0.042" /><testcase classname="tests.test_rules_regression" name="test_test_file_removed_no_hit_on_minor_test_edit" time="0.044" /><testcase classname="tests.test_rules_regression" name="test_risks_grouped_by_rule_id" time="0.050" /><testcase classname="tests.test_rules_regression" name="test_dockerfile_root_user_match_all" time="0.040" /><testcase classname="tests.test_rules_regression" name="test_metadata_suggestion_from_yaml" time="0.046" /><testcase classname="tests.test_runtime_config_preview" name="test_runtime_config_preview_with_runtime_key" time="2.447" /><testcase classname="tests.test_runtime_config_preview" name="test_input_page_meta_has_warm_tips_and_usage_guide" time="0.004" /><testcase classname="tests.test_runtime_credentials" name="test_public_deploy_ignores_server_key" time="0.001" /><testcase classname="tests.test_runtime_credentials" name="test_local_deploy_uses_server_key" time="0.001" /><testcase classname="tests.test_runtime_credentials" name="test_runtime_config_meta_onboarding_text" time="0.005" /><testcase classname="tests.test_runtime_credentials" name="test_create_task_cloud_only_requires_runtime_key_on_public" time="2.421" /><testcase classname="tests.test_runtime_credentials" name="test_public_deploy_ignores_server_github_token" time="0.001" /><testcase classname="tests.test_runtime_credentials" name="test_local_deploy_can_disable_server_github_token" time="0.001" /><testcase classname="tests.test_runtime_credentials" name="test_public_pr_url_allows_without_runtime_github_token" time="20.831" /><testcase classname="tests.test_runtime_credentials" name="test_input_page_meta_includes_pr_github_hint_on_public" time="0.006" /><testcase classname="tests.test_runtime_credentials" name="test_llm_mode_options_with_runtime_key_query" time="14.352" /><testcase classname="tests.test_runtime_credentials_chain.TestBuildTaskLLMContext" name="test_runtime_credentials_provides_cloud_key" time="0.001" /><testcase classname="tests.test_runtime_credentials_chain.TestBuildTaskLLMContext" name="test_no_credentials_falls_back_to_settings" time="0.001" /><testcase classname="tests.test_runtime_credentials_chain.TestBuildTaskLLMContext" name="test_runtime_key_priority_over_settings" time="0.001" /><testcase classname="tests.test_runtime_credentials_chain.TestEnsureLLM" name="test_passes_with_runtime_credentials_when_settings_empty" time="0.001" /><testcase classname="tests.test_runtime_credentials_chain.TestEnsureLLM" name="test_passes_with_task_context_key" time="0.001" /><testcase classname="tests.test_runtime_credentials_chain.TestEnsureLLM" name="test_raises_when_both_empty" time="0.001" /><testcase classname="tests.test_runtime_credentials_chain.TestResolveCloudConfig" name="test_returns_config_from_runtime_credentials" time="0.001" /><testcase classname="tests.test_runtime_credentials_chain.TestResolveCloudConfig" name="test_returns_none_when_no_key_anywhere" time="0.001" /><testcase classname="tests.test_runtime_credentials_chain.TestResolveCloudConfig" name="test_credentials_has_cloud_detects_key" time="0.001" /><testcase classname="tests.test_runtime_credentials_chain.TestResolveCloudConfig" name="test_task_cloud_available_reads_context_key" time="0.001" /><testcase classname="tests.test_runtime_credentials_chain.TestOpenAIProviderKeySource" name="test_resolve_from_task_uses_context_key" time="0.001" /><testcase classname="tests.test_runtime_credentials_chain.TestOpenAIProviderKeySource" name="test_resolve_from_task_falls_back_to_settings" time="0.001" /><testcase classname="tests.test_runtime_credentials_chain.TestOpenAIProviderKeySource" name="test_headers_includes_bearer_token" time="0.001" /><testcase classname="tests.test_runtime_credentials_chain.TestSanitizedLogging" name="test_source_is_runtime_when_context_has_key" time="0.001" /><testcase classname="tests.test_runtime_credentials_chain.TestSanitizedLogging" name="test_source_is_settings_when_ctx_empty" time="0.001" /><testcase classname="tests.test_runtime_credentials_chain.TestSanitizedLogging" name="test_source_is_none_when_both_empty" time="0.001" /><testcase classname="tests.test_task_runner_outcomes" name="test_execute_task_fails_on_agent4_auth_error" time="0.015" /><testcase classname="tests.test_task_runner_outcomes" name="test_execute_task_completes_with_degraded_outcome" time="0.013" /><testcase classname="tests.test_task_runner_outcomes" name="test_execute_task_keeps_rules_only_patch_completed" time="0.013" /><testcase classname="tests.test_tasks_uses_valid_modes" name="test_tasks_route_uses_valid_modes_not_inline_set" time="0.002" /><testcase classname="tests.test_token_usage" name="test_parse_openai_usage" time="0.001" /><testcase classname="tests.test_token_usage" name="test_parse_ollama_usage_native" time="0.001" /><testcase classname="tests.test_token_usage" name="test_record_and_aggregate" time="0.001" /><testcase classname="tests.test_token_usage" name="test_format_display_segments_no_hardcode_in_frontend_contract" time="0.001" /><testcase classname="tests.test_workflow" name="test_workflow_invoke_patch_context" time="0.016" /><testcase classname="tests.test_workflow" name="test_workflow_marks_auth_failure_as_failed" time="0.012" /><testcase classname="tests.test_workflow_meta" name="test_agent_step_definitions_include_parallel_group_for_scan" time="0.001" /><testcase classname="tests.test_workflow_meta" name="test_workflow_node_order_and_map" time="0.001" /><testcase classname="tests.test_workflow_meta" name="test_init_agent_progress_uses_workflow_meta" time="0.001" /><testcase classname="tests.test_workflow_rules_only" name="test_workflow_rules_only_produces_markdown_report" time="0.098" /></testsuite></testsuites>